<?xml version="1.0" encoding="UTF-8"?>
<!-- Generated by org.testng.reporters.JUnitReportReporter -->
<testsuite hostname="DESKTOP-VN2QGGA" failures="0" tests="2" name="TestRunner.Runner" time="0.009" errors="0" timestamp="2023-08-30T23:54:21 IST" skipped="0">
  <testcase classname="TestRunner.Runner" name="saveConfig" time="0.003"/>
  <system-out/>
  <testcase classname="TestRunner.Runner" name="generateReport" time="0.006"/>
  <system-out/>
</testsuite> <!-- TestRunner.Runner -->
